mode: set
jagch/boletia/freecurrency/internal/platform/server/handler/currency.go:19.74,20.32 1 1
jagch/boletia/freecurrency/internal/platform/server/handler/currency.go:20.32,27.38 5 1
jagch/boletia/freecurrency/internal/platform/server/handler/currency.go:27.38,29.18 2 1
jagch/boletia/freecurrency/internal/platform/server/handler/currency.go:29.18,37.5 2 1
jagch/boletia/freecurrency/internal/platform/server/handler/currency.go:39.4,39.24 1 1
jagch/boletia/freecurrency/internal/platform/server/handler/currency.go:39.24,41.19 2 1
jagch/boletia/freecurrency/internal/platform/server/handler/currency.go:41.19,48.6 2 1
jagch/boletia/freecurrency/internal/platform/server/handler/currency.go:48.11,54.6 1 1
jagch/boletia/freecurrency/internal/platform/server/handler/currency.go:55.10,57.19 2 1
jagch/boletia/freecurrency/internal/platform/server/handler/currency.go:57.19,64.6 2 1
jagch/boletia/freecurrency/internal/platform/server/handler/currency.go:64.11,70.6 1 1
jagch/boletia/freecurrency/internal/platform/server/handler/currency.go:72.9,72.45 1 1
jagch/boletia/freecurrency/internal/platform/server/handler/currency.go:72.45,74.18 2 1
jagch/boletia/freecurrency/internal/platform/server/handler/currency.go:74.18,82.5 2 1
jagch/boletia/freecurrency/internal/platform/server/handler/currency.go:83.4,83.24 1 1
jagch/boletia/freecurrency/internal/platform/server/handler/currency.go:83.24,85.19 2 1
jagch/boletia/freecurrency/internal/platform/server/handler/currency.go:85.19,92.6 2 1
jagch/boletia/freecurrency/internal/platform/server/handler/currency.go:92.11,98.6 1 1
jagch/boletia/freecurrency/internal/platform/server/handler/currency.go:99.10,101.19 2 1
jagch/boletia/freecurrency/internal/platform/server/handler/currency.go:101.19,108.6 2 1
jagch/boletia/freecurrency/internal/platform/server/handler/currency.go:108.11,114.6 1 1
jagch/boletia/freecurrency/internal/platform/server/handler/currency.go:116.9,116.45 1 1
jagch/boletia/freecurrency/internal/platform/server/handler/currency.go:116.45,118.18 2 1
jagch/boletia/freecurrency/internal/platform/server/handler/currency.go:118.18,126.5 2 1
jagch/boletia/freecurrency/internal/platform/server/handler/currency.go:128.4,129.18 2 1
jagch/boletia/freecurrency/internal/platform/server/handler/currency.go:129.18,137.5 2 1
jagch/boletia/freecurrency/internal/platform/server/handler/currency.go:139.4,139.24 1 1
jagch/boletia/freecurrency/internal/platform/server/handler/currency.go:139.24,141.19 2 1
jagch/boletia/freecurrency/internal/platform/server/handler/currency.go:141.19,148.6 2 1
jagch/boletia/freecurrency/internal/platform/server/handler/currency.go:148.11,154.6 1 1
jagch/boletia/freecurrency/internal/platform/server/handler/currency.go:155.10,157.19 2 1
jagch/boletia/freecurrency/internal/platform/server/handler/currency.go:157.19,164.6 2 1
jagch/boletia/freecurrency/internal/platform/server/handler/currency.go:164.11,170.6 1 1
jagch/boletia/freecurrency/internal/platform/server/handler/currency.go:172.9,172.45 1 1
jagch/boletia/freecurrency/internal/platform/server/handler/currency.go:172.45,173.24 1 1
jagch/boletia/freecurrency/internal/platform/server/handler/currency.go:173.24,175.19 2 1
jagch/boletia/freecurrency/internal/platform/server/handler/currency.go:175.19,182.6 2 1
jagch/boletia/freecurrency/internal/platform/server/handler/currency.go:182.11,188.6 1 1
jagch/boletia/freecurrency/internal/platform/server/handler/currency.go:189.10,191.19 2 1
jagch/boletia/freecurrency/internal/platform/server/handler/currency.go:191.19,198.6 2 1
jagch/boletia/freecurrency/internal/platform/server/handler/currency.go:198.11,204.6 1 1
jagch/boletia/freecurrency/internal/platform/server/handler/currency.go:210.59,212.16 2 1
jagch/boletia/freecurrency/internal/platform/server/handler/currency.go:212.16,214.3 1 1
jagch/boletia/freecurrency/internal/platform/server/handler/currency.go:215.2,215.15 1 1
jagch/boletia/freecurrency/internal/callhistory/usecase.go:13.76,17.2 1 1
jagch/boletia/freecurrency/internal/callhistory/usecase.go:19.104,20.85 1 1
jagch/boletia/freecurrency/internal/callhistory/usecase.go:20.85,22.3 1 1
jagch/boletia/freecurrency/internal/callhistory/usecase.go:24.2,24.12 1 1
jagch/boletia/freecurrency/internal/currency/usecase.go:15.67,19.2 1 1
jagch/boletia/freecurrency/internal/currency/usecase.go:21.84,22.64 1 1
jagch/boletia/freecurrency/internal/currency/usecase.go:22.64,24.3 1 1
jagch/boletia/freecurrency/internal/currency/usecase.go:26.2,26.12 1 1
jagch/boletia/freecurrency/internal/currency/usecase.go:29.124,31.16 2 1
jagch/boletia/freecurrency/internal/currency/usecase.go:31.16,33.3 1 1
jagch/boletia/freecurrency/internal/currency/usecase.go:35.2,35.34 1 1
jagch/boletia/freecurrency/internal/currency/usecase.go:38.131,40.16 2 1
jagch/boletia/freecurrency/internal/currency/usecase.go:40.16,42.3 1 1
jagch/boletia/freecurrency/internal/currency/usecase.go:44.2,44.34 1 1
jagch/boletia/freecurrency/internal/currency/usecase.go:47.129,49.16 2 1
jagch/boletia/freecurrency/internal/currency/usecase.go:49.16,51.3 1 1
jagch/boletia/freecurrency/internal/currency/usecase.go:53.2,53.34 1 1
jagch/boletia/freecurrency/internal/currency/usecase.go:56.113,58.16 2 1
jagch/boletia/freecurrency/internal/currency/usecase.go:58.16,60.3 1 1
jagch/boletia/freecurrency/internal/currency/usecase.go:62.2,62.34 1 1
jagch/boletia/freecurrency/internal/currency/usecase.go:65.108,67.16 2 1
jagch/boletia/freecurrency/internal/currency/usecase.go:67.16,69.3 1 1
jagch/boletia/freecurrency/internal/currency/usecase.go:71.2,71.34 1 1
jagch/boletia/freecurrency/internal/currency/usecase.go:74.115,76.16 2 1
jagch/boletia/freecurrency/internal/currency/usecase.go:76.16,78.3 1 1
jagch/boletia/freecurrency/internal/currency/usecase.go:80.2,80.34 1 1
jagch/boletia/freecurrency/internal/currency/usecase.go:83.113,85.16 2 1
jagch/boletia/freecurrency/internal/currency/usecase.go:85.16,87.3 1 1
jagch/boletia/freecurrency/internal/currency/usecase.go:89.2,89.34 1 1
jagch/boletia/freecurrency/internal/currency/usecase.go:92.97,94.16 2 1
jagch/boletia/freecurrency/internal/currency/usecase.go:94.16,96.3 1 1
jagch/boletia/freecurrency/internal/currency/usecase.go:98.2,98.34 1 1
